The system is: Linux - 2.6.32-358.el6.x86_64 - x86_64
Compiling the C compiler identification source file "CMakeCCompilerId.c" succeeded.
Compiler: /usr/local/gcc-4.9.3/bin/gcc 
Build flags: 
Id flags: 

The output was:
0


Compilation of the C compiler identification source "CMakeCCompilerId.c" produced "a.out"

The C compiler identification is GNU, found in "/export/ldb/zhangsong5/tools/kudu/CMakeFiles/3.4.2/CompilerIdC/a.out"

Compiling the CXX compiler identification source file "CMakeCXXCompilerId.cpp" succeeded.
Compiler: /usr/local/gcc-4.9.3/bin/g++ 
Build flags: 
Id flags: 

The output was:
0


Compilation of the CXX compiler identification source "CMakeCXXCompilerId.cpp" produced "a.out"

The CXX compiler identification is GNU, found in "/export/ldb/zhangsong5/tools/kudu/CMakeFiles/3.4.2/CompilerIdCXX/a.out"

Determining if the C compiler works passed with the following output:
Change Dir: /export/ldb/zhangsong5/tools/kudu/CMakeFiles/CMakeTmp

Run Build Command:"/usr/bin/gmake" "cmTC_bae7f/fast"
/usr/bin/gmake -f CMakeFiles/cmTC_bae7f.dir/build.make CMakeFiles/cmTC_bae7f.dir/build
gmake[1]: Entering directory `/export/ldb/zhangsong5/tools/kudu/CMakeFiles/CMakeTmp'
Building C object CMakeFiles/cmTC_bae7f.dir/testCCompiler.c.o
/usr/local/gcc-4.9.3/bin/gcc     -o CMakeFiles/cmTC_bae7f.dir/testCCompiler.c.o   -c /export/ldb/zhangsong5/tools/kudu/CMakeFiles/CMakeTmp/testCCompiler.c
Linking C executable cmTC_bae7f
/usr/bin/cmake -E cmake_link_script CMakeFiles/cmTC_bae7f.dir/link.txt --verbose=1
/usr/local/gcc-4.9.3/bin/gcc       CMakeFiles/cmTC_bae7f.dir/testCCompiler.c.o  -o cmTC_bae7f -rdynamic 
gmake[1]: Leaving directory `/export/ldb/zhangsong5/tools/kudu/CMakeFiles/CMakeTmp'


Detecting C compiler ABI info compiled with the following output:
Change Dir: /export/ldb/zhangsong5/tools/kudu/CMakeFiles/CMakeTmp

Run Build Command:"/usr/bin/gmake" "cmTC_6564f/fast"
/usr/bin/gmake -f CMakeFiles/cmTC_6564f.dir/build.make CMakeFiles/cmTC_6564f.dir/build
gmake[1]: Entering directory `/export/ldb/zhangsong5/tools/kudu/CMakeFiles/CMakeTmp'
Building C object CMakeFiles/cmTC_6564f.dir/CMakeCCompilerABI.c.o
/usr/local/gcc-4.9.3/bin/gcc     -o CMakeFiles/cmTC_6564f.dir/CMakeCCompilerABI.c.o   -c /usr/share/cmake-3.4/Modules/CMakeCCompilerABI.c
Linking C executable cmTC_6564f
/usr/bin/cmake -E cmake_link_script CMakeFiles/cmTC_6564f.dir/link.txt --verbose=1
/usr/local/gcc-4.9.3/bin/gcc      -v CMakeFiles/cmTC_6564f.dir/CMakeCCompilerABI.c.o  -o cmTC_6564f -rdynamic  
使用内建 specs。
COLLECT_GCC=/usr/local/gcc-4.9.3/bin/gcc
COLLECT_LTO_WRAPPER=/usr/local/gcc-4.9.3/libexec/gcc/x86_64-redhat-linux/4.9.3/lto-wrapper
目标：x86_64-redhat-linux
配置为：../gcc-4.9.3/configure --enable-bootstrap --enable-shared --enable-threads=posix --enable-checking=release --enable-gnu-unique-object --enable-languages=c,c++ --disable-libjava-multilib --build=x86_64-redhat-linux --prefix=/usr/local/gcc-4.9.3 -disable-multilib
线程模型：posix
gcc 版本 4.9.3 (GCC) 
COMPILER_PATH=/usr/local/gcc-4.9.3/libexec/gcc/x86_64-redhat-linux/4.9.3/:/usr/local/gcc-4.9.3/libexec/gcc/x86_64-redhat-linux/4.9.3/:/usr/local/gcc-4.9.3/libexec/gcc/x86_64-redhat-linux/:/usr/local/gcc-4.9.3/lib/gcc/x86_64-redhat-linux/4.9.3/:/usr/local/gcc-4.9.3/lib/gcc/x86_64-redhat-linux/
LIBRARY_PATH=/usr/local/gcc-4.9.3/lib/gcc/x86_64-redhat-linux/4.9.3/:/usr/local/gcc-4.9.3/lib/gcc/x86_64-redhat-linux/4.9.3/../../../../lib64/:/lib/../lib64/:/usr/lib/../lib64/:/usr/local/gcc-4.9.3/lib/gcc/x86_64-redhat-linux/4.9.3/../../../:/lib/:/usr/lib/
COLLECT_GCC_OPTIONS='-v' '-o' 'cmTC_6564f' '-rdynamic' '-mtune=generic' '-march=x86-64'
 /usr/local/gcc-4.9.3/libexec/gcc/x86_64-redhat-linux/4.9.3/collect2 --eh-frame-hdr -m elf_x86_64 -export-dynamic -dynamic-linker /lib64/ld-linux-x86-64.so.2 -o cmTC_6564f /usr/lib/../lib64/crt1.o /usr/lib/../lib64/crti.o /usr/local/gcc-4.9.3/lib/gcc/x86_64-redhat-linux/4.9.3/crtbegin.o -L/usr/local/gcc-4.9.3/lib/gcc/x86_64-redhat-linux/4.9.3 -L/usr/local/gcc-4.9.3/lib/gcc/x86_64-redhat-linux/4.9.3/../../../../lib64 -L/lib/../lib64 -L/usr/lib/../lib64 -L/usr/local/gcc-4.9.3/lib/gcc/x86_64-redhat-linux/4.9.3/../../.. CMakeFiles/cmTC_6564f.dir/CMakeCCompilerABI.c.o -lgcc --as-needed -lgcc_s --no-as-needed -lc -lgcc --as-needed -lgcc_s --no-as-needed /usr/local/gcc-4.9.3/lib/gcc/x86_64-redhat-linux/4.9.3/crtend.o /usr/lib/../lib64/crtn.o
gmake[1]: Leaving directory `/export/ldb/zhangsong5/tools/kudu/CMakeFiles/CMakeTmp'


Parsed C implicit link information from above output:
  link line regex: [^( *|.*[/\])(ld|([^/\]+-)?ld|collect2)[^/\]*( |$)]
  ignore line: [Change Dir: /export/ldb/zhangsong5/tools/kudu/CMakeFiles/CMakeTmp]
  ignore line: []
  ignore line: [Run Build Command:"/usr/bin/gmake" "cmTC_6564f/fast"]
  ignore line: [/usr/bin/gmake -f CMakeFiles/cmTC_6564f.dir/build.make CMakeFiles/cmTC_6564f.dir/build]
  ignore line: [gmake[1]: Entering directory `/export/ldb/zhangsong5/tools/kudu/CMakeFiles/CMakeTmp']
  ignore line: [Building C object CMakeFiles/cmTC_6564f.dir/CMakeCCompilerABI.c.o]
  ignore line: [/usr/local/gcc-4.9.3/bin/gcc     -o CMakeFiles/cmTC_6564f.dir/CMakeCCompilerABI.c.o   -c /usr/share/cmake-3.4/Modules/CMakeCCompilerABI.c]
  ignore line: [Linking C executable cmTC_6564f]
  ignore line: [/usr/bin/cmake -E cmake_link_script CMakeFiles/cmTC_6564f.dir/link.txt --verbose=1]
  ignore line: [/usr/local/gcc-4.9.3/bin/gcc      -v CMakeFiles/cmTC_6564f.dir/CMakeCCompilerABI.c.o  -o cmTC_6564f -rdynamic  ]
  ignore line: [使用内建 specs。]
  ignore line: [COLLECT_GCC=/usr/local/gcc-4.9.3/bin/gcc]
  ignore line: [COLLECT_LTO_WRAPPER=/usr/local/gcc-4.9.3/libexec/gcc/x86_64-redhat-linux/4.9.3/lto-wrapper]
  ignore line: [目标：x86_64-redhat-linux]
  ignore line: [配置为：../gcc-4.9.3/configure --enable-bootstrap --enable-shared --enable-threads=posix --enable-checking=release --enable-gnu-unique-object --enable-languages=c,c++ --disable-libjava-multilib --build=x86_64-redhat-linux --prefix=/usr/local/gcc-4.9.3 -disable-multilib]
  ignore line: [线程模型：posix]
  ignore line: [gcc 版本 4.9.3 (GCC) ]
  ignore line: [COMPILER_PATH=/usr/local/gcc-4.9.3/libexec/gcc/x86_64-redhat-linux/4.9.3/:/usr/local/gcc-4.9.3/libexec/gcc/x86_64-redhat-linux/4.9.3/:/usr/local/gcc-4.9.3/libexec/gcc/x86_64-redhat-linux/:/usr/local/gcc-4.9.3/lib/gcc/x86_64-redhat-linux/4.9.3/:/usr/local/gcc-4.9.3/lib/gcc/x86_64-redhat-linux/]
  ignore line: [LIBRARY_PATH=/usr/local/gcc-4.9.3/lib/gcc/x86_64-redhat-linux/4.9.3/:/usr/local/gcc-4.9.3/lib/gcc/x86_64-redhat-linux/4.9.3/../../../../lib64/:/lib/../lib64/:/usr/lib/../lib64/:/usr/local/gcc-4.9.3/lib/gcc/x86_64-redhat-linux/4.9.3/../../../:/lib/:/usr/lib/]
  ignore line: [COLLECT_GCC_OPTIONS='-v' '-o' 'cmTC_6564f' '-rdynamic' '-mtune=generic' '-march=x86-64']
  link line: [ /usr/local/gcc-4.9.3/libexec/gcc/x86_64-redhat-linux/4.9.3/collect2 --eh-frame-hdr -m elf_x86_64 -export-dynamic -dynamic-linker /lib64/ld-linux-x86-64.so.2 -o cmTC_6564f /usr/lib/../lib64/crt1.o /usr/lib/../lib64/crti.o /usr/local/gcc-4.9.3/lib/gcc/x86_64-redhat-linux/4.9.3/crtbegin.o -L/usr/local/gcc-4.9.3/lib/gcc/x86_64-redhat-linux/4.9.3 -L/usr/local/gcc-4.9.3/lib/gcc/x86_64-redhat-linux/4.9.3/../../../../lib64 -L/lib/../lib64 -L/usr/lib/../lib64 -L/usr/local/gcc-4.9.3/lib/gcc/x86_64-redhat-linux/4.9.3/../../.. CMakeFiles/cmTC_6564f.dir/CMakeCCompilerABI.c.o -lgcc --as-needed -lgcc_s --no-as-needed -lc -lgcc --as-needed -lgcc_s --no-as-needed /usr/local/gcc-4.9.3/lib/gcc/x86_64-redhat-linux/4.9.3/crtend.o /usr/lib/../lib64/crtn.o]
    arg [/usr/local/gcc-4.9.3/libexec/gcc/x86_64-redhat-linux/4.9.3/collect2] ==> ignore
    arg [--eh-frame-hdr] ==> ignore
    arg [-m] ==> ignore
    arg [elf_x86_64] ==> ignore
    arg [-export-dynamic] ==> ignore
    arg [-dynamic-linker] ==> ignore
    arg [/lib64/ld-linux-x86-64.so.2] ==> ignore
    arg [-o] ==> ignore
    arg [cmTC_6564f] ==> ignore
    arg [/usr/lib/../lib64/crt1.o] ==> ignore
    arg [/usr/lib/../lib64/crti.o] ==> ignore
    arg [/usr/local/gcc-4.9.3/lib/gcc/x86_64-redhat-linux/4.9.3/crtbegin.o] ==> ignore
    arg [-L/usr/local/gcc-4.9.3/lib/gcc/x86_64-redhat-linux/4.9.3] ==> dir [/usr/local/gcc-4.9.3/lib/gcc/x86_64-redhat-linux/4.9.3]
    arg [-L/usr/local/gcc-4.9.3/lib/gcc/x86_64-redhat-linux/4.9.3/../../../../lib64] ==> dir [/usr/local/gcc-4.9.3/lib/gcc/x86_64-redhat-linux/4.9.3/../../../../lib64]
    arg [-L/lib/../lib64] ==> dir [/lib/../lib64]
    arg [-L/usr/lib/../lib64] ==> dir [/usr/lib/../lib64]
    arg [-L/usr/local/gcc-4.9.3/lib/gcc/x86_64-redhat-linux/4.9.3/../../..] ==> dir [/usr/local/gcc-4.9.3/lib/gcc/x86_64-redhat-linux/4.9.3/../../..]
    arg [CMakeFiles/cmTC_6564f.dir/CMakeCCompilerABI.c.o] ==> ignore
    arg [-lgcc] ==> lib [gcc]
    arg [--as-needed] ==> ignore
    arg [-lgcc_s] ==> lib [gcc_s]
    arg [--no-as-needed] ==> ignore
    arg [-lc] ==> lib [c]
    arg [-lgcc] ==> lib [gcc]
    arg [--as-needed] ==> ignore
    arg [-lgcc_s] ==> lib [gcc_s]
    arg [--no-as-needed] ==> ignore
    arg [/usr/local/gcc-4.9.3/lib/gcc/x86_64-redhat-linux/4.9.3/crtend.o] ==> ignore
    arg [/usr/lib/../lib64/crtn.o] ==> ignore
  remove lib [gcc]
  remove lib [gcc_s]
  remove lib [gcc]
  remove lib [gcc_s]
  collapse library dir [/usr/local/gcc-4.9.3/lib/gcc/x86_64-redhat-linux/4.9.3] ==> [/usr/local/gcc-4.9.3/lib/gcc/x86_64-redhat-linux/4.9.3]
  collapse library dir [/usr/local/gcc-4.9.3/lib/gcc/x86_64-redhat-linux/4.9.3/../../../../lib64] ==> [/usr/local/gcc-4.9.3/lib64]
  collapse library dir [/lib/../lib64] ==> [/lib64]
  collapse library dir [/usr/lib/../lib64] ==> [/usr/lib64]
  collapse library dir [/usr/local/gcc-4.9.3/lib/gcc/x86_64-redhat-linux/4.9.3/../../..] ==> [/usr/local/gcc-4.9.3/lib]
  implicit libs: [c]
  implicit dirs: [/usr/local/gcc-4.9.3/lib/gcc/x86_64-redhat-linux/4.9.3;/usr/local/gcc-4.9.3/lib64;/lib64;/usr/lib64;/usr/local/gcc-4.9.3/lib]
  implicit fwks: []




Detecting C [-std=c11] compiler features compiled with the following output:
Change Dir: /export/ldb/zhangsong5/tools/kudu/CMakeFiles/CMakeTmp

Run Build Command:"/usr/bin/gmake" "cmTC_0ae18/fast"
/usr/bin/gmake -f CMakeFiles/cmTC_0ae18.dir/build.make CMakeFiles/cmTC_0ae18.dir/build
gmake[1]: Entering directory `/export/ldb/zhangsong5/tools/kudu/CMakeFiles/CMakeTmp'
Building C object CMakeFiles/cmTC_0ae18.dir/feature_tests.c.o
/usr/local/gcc-4.9.3/bin/gcc    -std=c11 -o CMakeFiles/cmTC_0ae18.dir/feature_tests.c.o   -c /export/ldb/zhangsong5/tools/kudu/CMakeFiles/feature_tests.c
Linking C executable cmTC_0ae18
/usr/bin/cmake -E cmake_link_script CMakeFiles/cmTC_0ae18.dir/link.txt --verbose=1
/usr/local/gcc-4.9.3/bin/gcc       CMakeFiles/cmTC_0ae18.dir/feature_tests.c.o  -o cmTC_0ae18 -rdynamic 
gmake[1]: Leaving directory `/export/ldb/zhangsong5/tools/kudu/CMakeFiles/CMakeTmp'


    Feature record: C_FEATURE:1c_function_prototypes
    Feature record: C_FEATURE:1c_restrict
    Feature record: C_FEATURE:1c_static_assert
    Feature record: C_FEATURE:1c_variadic_macros


Detecting C [-std=c99] compiler features compiled with the following output:
Change Dir: /export/ldb/zhangsong5/tools/kudu/CMakeFiles/CMakeTmp

Run Build Command:"/usr/bin/gmake" "cmTC_da4ee/fast"
/usr/bin/gmake -f CMakeFiles/cmTC_da4ee.dir/build.make CMakeFiles/cmTC_da4ee.dir/build
gmake[1]: Entering directory `/export/ldb/zhangsong5/tools/kudu/CMakeFiles/CMakeTmp'
Building C object CMakeFiles/cmTC_da4ee.dir/feature_tests.c.o
/usr/local/gcc-4.9.3/bin/gcc    -std=c99 -o CMakeFiles/cmTC_da4ee.dir/feature_tests.c.o   -c /export/ldb/zhangsong5/tools/kudu/CMakeFiles/feature_tests.c
Linking C executable cmTC_da4ee
/usr/bin/cmake -E cmake_link_script CMakeFiles/cmTC_da4ee.dir/link.txt --verbose=1
/usr/local/gcc-4.9.3/bin/gcc       CMakeFiles/cmTC_da4ee.dir/feature_tests.c.o  -o cmTC_da4ee -rdynamic 
gmake[1]: Leaving directory `/export/ldb/zhangsong5/tools/kudu/CMakeFiles/CMakeTmp'


    Feature record: C_FEATURE:1c_function_prototypes
    Feature record: C_FEATURE:1c_restrict
    Feature record: C_FEATURE:0c_static_assert
    Feature record: C_FEATURE:1c_variadic_macros


Detecting C [-std=c90] compiler features compiled with the following output:
Change Dir: /export/ldb/zhangsong5/tools/kudu/CMakeFiles/CMakeTmp

Run Build Command:"/usr/bin/gmake" "cmTC_96b9c/fast"
/usr/bin/gmake -f CMakeFiles/cmTC_96b9c.dir/build.make CMakeFiles/cmTC_96b9c.dir/build
gmake[1]: Entering directory `/export/ldb/zhangsong5/tools/kudu/CMakeFiles/CMakeTmp'
Building C object CMakeFiles/cmTC_96b9c.dir/feature_tests.c.o
/usr/local/gcc-4.9.3/bin/gcc    -std=c90 -o CMakeFiles/cmTC_96b9c.dir/feature_tests.c.o   -c /export/ldb/zhangsong5/tools/kudu/CMakeFiles/feature_tests.c
Linking C executable cmTC_96b9c
/usr/bin/cmake -E cmake_link_script CMakeFiles/cmTC_96b9c.dir/link.txt --verbose=1
/usr/local/gcc-4.9.3/bin/gcc       CMakeFiles/cmTC_96b9c.dir/feature_tests.c.o  -o cmTC_96b9c -rdynamic 
gmake[1]: Leaving directory `/export/ldb/zhangsong5/tools/kudu/CMakeFiles/CMakeTmp'


    Feature record: C_FEATURE:1c_function_prototypes
    Feature record: C_FEATURE:0c_restrict
    Feature record: C_FEATURE:0c_static_assert
    Feature record: C_FEATURE:0c_variadic_macros
Determining if the CXX compiler works passed with the following output:
Change Dir: /export/ldb/zhangsong5/tools/kudu/CMakeFiles/CMakeTmp

Run Build Command:"/usr/bin/gmake" "cmTC_02253/fast"
/usr/bin/gmake -f CMakeFiles/cmTC_02253.dir/build.make CMakeFiles/cmTC_02253.dir/build
gmake[1]: Entering directory `/export/ldb/zhangsong5/tools/kudu/CMakeFiles/CMakeTmp'
Building CXX object CMakeFiles/cmTC_02253.dir/testCXXCompiler.cxx.o
/usr/local/gcc-4.9.3/bin/g++      -o CMakeFiles/cmTC_02253.dir/testCXXCompiler.cxx.o -c /export/ldb/zhangsong5/tools/kudu/CMakeFiles/CMakeTmp/testCXXCompiler.cxx
Linking CXX executable cmTC_02253
/usr/bin/cmake -E cmake_link_script CMakeFiles/cmTC_02253.dir/link.txt --verbose=1
/usr/local/gcc-4.9.3/bin/g++        CMakeFiles/cmTC_02253.dir/testCXXCompiler.cxx.o  -o cmTC_02253 -rdynamic 
gmake[1]: Leaving directory `/export/ldb/zhangsong5/tools/kudu/CMakeFiles/CMakeTmp'


Detecting CXX compiler ABI info compiled with the following output:
Change Dir: /export/ldb/zhangsong5/tools/kudu/CMakeFiles/CMakeTmp

Run Build Command:"/usr/bin/gmake" "cmTC_45765/fast"
/usr/bin/gmake -f CMakeFiles/cmTC_45765.dir/build.make CMakeFiles/cmTC_45765.dir/build
gmake[1]: Entering directory `/export/ldb/zhangsong5/tools/kudu/CMakeFiles/CMakeTmp'
Building CXX object CMakeFiles/cmTC_45765.dir/CMakeCXXCompilerABI.cpp.o
/usr/local/gcc-4.9.3/bin/g++      -o CMakeFiles/cmTC_45765.dir/CMakeCXXCompilerABI.cpp.o -c /usr/share/cmake-3.4/Modules/CMakeCXXCompilerABI.cpp
Linking CXX executable cmTC_45765
/usr/bin/cmake -E cmake_link_script CMakeFiles/cmTC_45765.dir/link.txt --verbose=1
/usr/local/gcc-4.9.3/bin/g++       -v CMakeFiles/cmTC_45765.dir/CMakeCXXCompilerABI.cpp.o  -o cmTC_45765 -rdynamic  
使用内建 specs。
COLLECT_GCC=/usr/local/gcc-4.9.3/bin/g++
COLLECT_LTO_WRAPPER=/usr/local/gcc-4.9.3/libexec/gcc/x86_64-redhat-linux/4.9.3/lto-wrapper
目标：x86_64-redhat-linux
配置为：../gcc-4.9.3/configure --enable-bootstrap --enable-shared --enable-threads=posix --enable-checking=release --enable-gnu-unique-object --enable-languages=c,c++ --disable-libjava-multilib --build=x86_64-redhat-linux --prefix=/usr/local/gcc-4.9.3 -disable-multilib
线程模型：posix
gcc 版本 4.9.3 (GCC) 
COMPILER_PATH=/usr/local/gcc-4.9.3/libexec/gcc/x86_64-redhat-linux/4.9.3/:/usr/local/gcc-4.9.3/libexec/gcc/x86_64-redhat-linux/4.9.3/:/usr/local/gcc-4.9.3/libexec/gcc/x86_64-redhat-linux/:/usr/local/gcc-4.9.3/lib/gcc/x86_64-redhat-linux/4.9.3/:/usr/local/gcc-4.9.3/lib/gcc/x86_64-redhat-linux/
LIBRARY_PATH=/usr/local/gcc-4.9.3/lib/gcc/x86_64-redhat-linux/4.9.3/:/usr/local/gcc-4.9.3/lib/gcc/x86_64-redhat-linux/4.9.3/../../../../lib64/:/lib/../lib64/:/usr/lib/../lib64/:/usr/local/gcc-4.9.3/lib/gcc/x86_64-redhat-linux/4.9.3/../../../:/lib/:/usr/lib/
COLLECT_GCC_OPTIONS='-v' '-o' 'cmTC_45765' '-rdynamic' '-shared-libgcc' '-mtune=generic' '-march=x86-64'
 /usr/local/gcc-4.9.3/libexec/gcc/x86_64-redhat-linux/4.9.3/collect2 --eh-frame-hdr -m elf_x86_64 -export-dynamic -dynamic-linker /lib64/ld-linux-x86-64.so.2 -o cmTC_45765 /usr/lib/../lib64/crt1.o /usr/lib/../lib64/crti.o /usr/local/gcc-4.9.3/lib/gcc/x86_64-redhat-linux/4.9.3/crtbegin.o -L/usr/local/gcc-4.9.3/lib/gcc/x86_64-redhat-linux/4.9.3 -L/usr/local/gcc-4.9.3/lib/gcc/x86_64-redhat-linux/4.9.3/../../../../lib64 -L/lib/../lib64 -L/usr/lib/../lib64 -L/usr/local/gcc-4.9.3/lib/gcc/x86_64-redhat-linux/4.9.3/../../.. CMakeFiles/cmTC_45765.dir/CMakeCXXCompilerABI.cpp.o -lstdc++ -lm -lgcc_s -lgcc -lc -lgcc_s -lgcc /usr/local/gcc-4.9.3/lib/gcc/x86_64-redhat-linux/4.9.3/crtend.o /usr/lib/../lib64/crtn.o
gmake[1]: Leaving directory `/export/ldb/zhangsong5/tools/kudu/CMakeFiles/CMakeTmp'


Parsed CXX implicit link information from above output:
  link line regex: [^( *|.*[/\])(ld|([^/\]+-)?ld|collect2)[^/\]*( |$)]
  ignore line: [Change Dir: /export/ldb/zhangsong5/tools/kudu/CMakeFiles/CMakeTmp]
  ignore line: []
  ignore line: [Run Build Command:"/usr/bin/gmake" "cmTC_45765/fast"]
  ignore line: [/usr/bin/gmake -f CMakeFiles/cmTC_45765.dir/build.make CMakeFiles/cmTC_45765.dir/build]
  ignore line: [gmake[1]: Entering directory `/export/ldb/zhangsong5/tools/kudu/CMakeFiles/CMakeTmp']
  ignore line: [Building CXX object CMakeFiles/cmTC_45765.dir/CMakeCXXCompilerABI.cpp.o]
  ignore line: [/usr/local/gcc-4.9.3/bin/g++      -o CMakeFiles/cmTC_45765.dir/CMakeCXXCompilerABI.cpp.o -c /usr/share/cmake-3.4/Modules/CMakeCXXCompilerABI.cpp]
  ignore line: [Linking CXX executable cmTC_45765]
  ignore line: [/usr/bin/cmake -E cmake_link_script CMakeFiles/cmTC_45765.dir/link.txt --verbose=1]
  ignore line: [/usr/local/gcc-4.9.3/bin/g++       -v CMakeFiles/cmTC_45765.dir/CMakeCXXCompilerABI.cpp.o  -o cmTC_45765 -rdynamic  ]
  ignore line: [使用内建 specs。]
  ignore line: [COLLECT_GCC=/usr/local/gcc-4.9.3/bin/g++]
  ignore line: [COLLECT_LTO_WRAPPER=/usr/local/gcc-4.9.3/libexec/gcc/x86_64-redhat-linux/4.9.3/lto-wrapper]
  ignore line: [目标：x86_64-redhat-linux]
  ignore line: [配置为：../gcc-4.9.3/configure --enable-bootstrap --enable-shared --enable-threads=posix --enable-checking=release --enable-gnu-unique-object --enable-languages=c,c++ --disable-libjava-multilib --build=x86_64-redhat-linux --prefix=/usr/local/gcc-4.9.3 -disable-multilib]
  ignore line: [线程模型：posix]
  ignore line: [gcc 版本 4.9.3 (GCC) ]
  ignore line: [COMPILER_PATH=/usr/local/gcc-4.9.3/libexec/gcc/x86_64-redhat-linux/4.9.3/:/usr/local/gcc-4.9.3/libexec/gcc/x86_64-redhat-linux/4.9.3/:/usr/local/gcc-4.9.3/libexec/gcc/x86_64-redhat-linux/:/usr/local/gcc-4.9.3/lib/gcc/x86_64-redhat-linux/4.9.3/:/usr/local/gcc-4.9.3/lib/gcc/x86_64-redhat-linux/]
  ignore line: [LIBRARY_PATH=/usr/local/gcc-4.9.3/lib/gcc/x86_64-redhat-linux/4.9.3/:/usr/local/gcc-4.9.3/lib/gcc/x86_64-redhat-linux/4.9.3/../../../../lib64/:/lib/../lib64/:/usr/lib/../lib64/:/usr/local/gcc-4.9.3/lib/gcc/x86_64-redhat-linux/4.9.3/../../../:/lib/:/usr/lib/]
  ignore line: [COLLECT_GCC_OPTIONS='-v' '-o' 'cmTC_45765' '-rdynamic' '-shared-libgcc' '-mtune=generic' '-march=x86-64']
  link line: [ /usr/local/gcc-4.9.3/libexec/gcc/x86_64-redhat-linux/4.9.3/collect2 --eh-frame-hdr -m elf_x86_64 -export-dynamic -dynamic-linker /lib64/ld-linux-x86-64.so.2 -o cmTC_45765 /usr/lib/../lib64/crt1.o /usr/lib/../lib64/crti.o /usr/local/gcc-4.9.3/lib/gcc/x86_64-redhat-linux/4.9.3/crtbegin.o -L/usr/local/gcc-4.9.3/lib/gcc/x86_64-redhat-linux/4.9.3 -L/usr/local/gcc-4.9.3/lib/gcc/x86_64-redhat-linux/4.9.3/../../../../lib64 -L/lib/../lib64 -L/usr/lib/../lib64 -L/usr/local/gcc-4.9.3/lib/gcc/x86_64-redhat-linux/4.9.3/../../.. CMakeFiles/cmTC_45765.dir/CMakeCXXCompilerABI.cpp.o -lstdc++ -lm -lgcc_s -lgcc -lc -lgcc_s -lgcc /usr/local/gcc-4.9.3/lib/gcc/x86_64-redhat-linux/4.9.3/crtend.o /usr/lib/../lib64/crtn.o]
    arg [/usr/local/gcc-4.9.3/libexec/gcc/x86_64-redhat-linux/4.9.3/collect2] ==> ignore
    arg [--eh-frame-hdr] ==> ignore
    arg [-m] ==> ignore
    arg [elf_x86_64] ==> ignore
    arg [-export-dynamic] ==> ignore
    arg [-dynamic-linker] ==> ignore
    arg [/lib64/ld-linux-x86-64.so.2] ==> ignore
    arg [-o] ==> ignore
    arg [cmTC_45765] ==> ignore
    arg [/usr/lib/../lib64/crt1.o] ==> ignore
    arg [/usr/lib/../lib64/crti.o] ==> ignore
    arg [/usr/local/gcc-4.9.3/lib/gcc/x86_64-redhat-linux/4.9.3/crtbegin.o] ==> ignore
    arg [-L/usr/local/gcc-4.9.3/lib/gcc/x86_64-redhat-linux/4.9.3] ==> dir [/usr/local/gcc-4.9.3/lib/gcc/x86_64-redhat-linux/4.9.3]
    arg [-L/usr/local/gcc-4.9.3/lib/gcc/x86_64-redhat-linux/4.9.3/../../../../lib64] ==> dir [/usr/local/gcc-4.9.3/lib/gcc/x86_64-redhat-linux/4.9.3/../../../../lib64]
    arg [-L/lib/../lib64] ==> dir [/lib/../lib64]
    arg [-L/usr/lib/../lib64] ==> dir [/usr/lib/../lib64]
    arg [-L/usr/local/gcc-4.9.3/lib/gcc/x86_64-redhat-linux/4.9.3/../../..] ==> dir [/usr/local/gcc-4.9.3/lib/gcc/x86_64-redhat-linux/4.9.3/../../..]
    arg [CMakeFiles/cmTC_45765.dir/CMakeCXXCompilerABI.cpp.o] ==> ignore
    arg [-lstdc++] ==> lib [stdc++]
    arg [-lm] ==> lib [m]
    arg [-lgcc_s] ==> lib [gcc_s]
    arg [-lgcc] ==> lib [gcc]
    arg [-lc] ==> lib [c]
    arg [-lgcc_s] ==> lib [gcc_s]
    arg [-lgcc] ==> lib [gcc]
    arg [/usr/local/gcc-4.9.3/lib/gcc/x86_64-redhat-linux/4.9.3/crtend.o] ==> ignore
    arg [/usr/lib/../lib64/crtn.o] ==> ignore
  remove lib [gcc_s]
  remove lib [gcc]
  remove lib [gcc_s]
  remove lib [gcc]
  collapse library dir [/usr/local/gcc-4.9.3/lib/gcc/x86_64-redhat-linux/4.9.3] ==> [/usr/local/gcc-4.9.3/lib/gcc/x86_64-redhat-linux/4.9.3]
  collapse library dir [/usr/local/gcc-4.9.3/lib/gcc/x86_64-redhat-linux/4.9.3/../../../../lib64] ==> [/usr/local/gcc-4.9.3/lib64]
  collapse library dir [/lib/../lib64] ==> [/lib64]
  collapse library dir [/usr/lib/../lib64] ==> [/usr/lib64]
  collapse library dir [/usr/local/gcc-4.9.3/lib/gcc/x86_64-redhat-linux/4.9.3/../../..] ==> [/usr/local/gcc-4.9.3/lib]
  implicit libs: [stdc++;m;c]
  implicit dirs: [/usr/local/gcc-4.9.3/lib/gcc/x86_64-redhat-linux/4.9.3;/usr/local/gcc-4.9.3/lib64;/lib64;/usr/lib64;/usr/local/gcc-4.9.3/lib]
  implicit fwks: []




Detecting CXX [-std=c++14] compiler features compiled with the following output:
Change Dir: /export/ldb/zhangsong5/tools/kudu/CMakeFiles/CMakeTmp

Run Build Command:"/usr/bin/gmake" "cmTC_1e5cf/fast"
/usr/bin/gmake -f CMakeFiles/cmTC_1e5cf.dir/build.make CMakeFiles/cmTC_1e5cf.dir/build
gmake[1]: Entering directory `/export/ldb/zhangsong5/tools/kudu/CMakeFiles/CMakeTmp'
Building CXX object CMakeFiles/cmTC_1e5cf.dir/feature_tests.cxx.o
/usr/local/gcc-4.9.3/bin/g++     -std=c++14 -o CMakeFiles/cmTC_1e5cf.dir/feature_tests.cxx.o -c /export/ldb/zhangsong5/tools/kudu/CMakeFiles/feature_tests.cxx
Linking CXX executable cmTC_1e5cf
/usr/bin/cmake -E cmake_link_script CMakeFiles/cmTC_1e5cf.dir/link.txt --verbose=1
/usr/local/gcc-4.9.3/bin/g++        CMakeFiles/cmTC_1e5cf.dir/feature_tests.cxx.o  -o cmTC_1e5cf -rdynamic 
gmake[1]: Leaving directory `/export/ldb/zhangsong5/tools/kudu/CMakeFiles/CMakeTmp'


    Feature record: CXX_FEATURE:0cxx_aggregate_default_initializers
    Feature record: CXX_FEATURE:1cxx_alias_templates
    Feature record: CXX_FEATURE:1cxx_alignas
    Feature record: CXX_FEATURE:1cxx_alignof
    Feature record: CXX_FEATURE:1cxx_attributes
    Feature record: CXX_FEATURE:1cxx_attribute_deprecated
    Feature record: CXX_FEATURE:1cxx_auto_type
    Feature record: CXX_FEATURE:1cxx_binary_literals
    Feature record: CXX_FEATURE:1cxx_constexpr
    Feature record: CXX_FEATURE:1cxx_contextual_conversions
    Feature record: CXX_FEATURE:1cxx_decltype
    Feature record: CXX_FEATURE:1cxx_decltype_auto
    Feature record: CXX_FEATURE:1cxx_decltype_incomplete_return_types
    Feature record: CXX_FEATURE:1cxx_default_function_template_args
    Feature record: CXX_FEATURE:1cxx_defaulted_functions
    Feature record: CXX_FEATURE:1cxx_defaulted_move_initializers
    Feature record: CXX_FEATURE:1cxx_delegating_constructors
    Feature record: CXX_FEATURE:1cxx_deleted_functions
    Feature record: CXX_FEATURE:1cxx_digit_separators
    Feature record: CXX_FEATURE:1cxx_enum_forward_declarations
    Feature record: CXX_FEATURE:1cxx_explicit_conversions
    Feature record: CXX_FEATURE:1cxx_extended_friend_declarations
    Feature record: CXX_FEATURE:1cxx_extern_templates
    Feature record: CXX_FEATURE:1cxx_final
    Feature record: CXX_FEATURE:1cxx_func_identifier
    Feature record: CXX_FEATURE:1cxx_generalized_initializers
    Feature record: CXX_FEATURE:1cxx_generic_lambdas
    Feature record: CXX_FEATURE:1cxx_inheriting_constructors
    Feature record: CXX_FEATURE:1cxx_inline_namespaces
    Feature record: CXX_FEATURE:1cxx_lambdas
    Feature record: CXX_FEATURE:1cxx_lambda_init_captures
    Feature record: CXX_FEATURE:1cxx_local_type_template_args
    Feature record: CXX_FEATURE:1cxx_long_long_type
    Feature record: CXX_FEATURE:1cxx_noexcept
    Feature record: CXX_FEATURE:1cxx_nonstatic_member_init
    Feature record: CXX_FEATURE:1cxx_nullptr
    Feature record: CXX_FEATURE:1cxx_override
    Feature record: CXX_FEATURE:1cxx_range_for
    Feature record: CXX_FEATURE:1cxx_raw_string_literals
    Feature record: CXX_FEATURE:1cxx_reference_qualified_functions
    Feature record: CXX_FEATURE:0cxx_relaxed_constexpr
    Feature record: CXX_FEATURE:1cxx_return_type_deduction
    Feature record: CXX_FEATURE:1cxx_right_angle_brackets
    Feature record: CXX_FEATURE:1cxx_rvalue_references
    Feature record: CXX_FEATURE:1cxx_sizeof_member
    Feature record: CXX_FEATURE:1cxx_static_assert
    Feature record: CXX_FEATURE:1cxx_strong_enums
    Feature record: CXX_FEATURE:1cxx_template_template_parameters
    Feature record: CXX_FEATURE:1cxx_thread_local
    Feature record: CXX_FEATURE:1cxx_trailing_return_types
    Feature record: CXX_FEATURE:1cxx_unicode_literals
    Feature record: CXX_FEATURE:1cxx_uniform_initialization
    Feature record: CXX_FEATURE:1cxx_unrestricted_unions
    Feature record: CXX_FEATURE:1cxx_user_literals
    Feature record: CXX_FEATURE:0cxx_variable_templates
    Feature record: CXX_FEATURE:1cxx_variadic_macros
    Feature record: CXX_FEATURE:1cxx_variadic_templates


Detecting CXX [-std=c++11] compiler features compiled with the following output:
Change Dir: /export/ldb/zhangsong5/tools/kudu/CMakeFiles/CMakeTmp

Run Build Command:"/usr/bin/gmake" "cmTC_6c0d7/fast"
/usr/bin/gmake -f CMakeFiles/cmTC_6c0d7.dir/build.make CMakeFiles/cmTC_6c0d7.dir/build
gmake[1]: Entering directory `/export/ldb/zhangsong5/tools/kudu/CMakeFiles/CMakeTmp'
Building CXX object CMakeFiles/cmTC_6c0d7.dir/feature_tests.cxx.o
/usr/local/gcc-4.9.3/bin/g++     -std=c++11 -o CMakeFiles/cmTC_6c0d7.dir/feature_tests.cxx.o -c /export/ldb/zhangsong5/tools/kudu/CMakeFiles/feature_tests.cxx
Linking CXX executable cmTC_6c0d7
/usr/bin/cmake -E cmake_link_script CMakeFiles/cmTC_6c0d7.dir/link.txt --verbose=1
/usr/local/gcc-4.9.3/bin/g++        CMakeFiles/cmTC_6c0d7.dir/feature_tests.cxx.o  -o cmTC_6c0d7 -rdynamic 
gmake[1]: Leaving directory `/export/ldb/zhangsong5/tools/kudu/CMakeFiles/CMakeTmp'


    Feature record: CXX_FEATURE:0cxx_aggregate_default_initializers
    Feature record: CXX_FEATURE:1cxx_alias_templates
    Feature record: CXX_FEATURE:1cxx_alignas
    Feature record: CXX_FEATURE:1cxx_alignof
    Feature record: CXX_FEATURE:1cxx_attributes
    Feature record: CXX_FEATURE:0cxx_attribute_deprecated
    Feature record: CXX_FEATURE:1cxx_auto_type
    Feature record: CXX_FEATURE:0cxx_binary_literals
    Feature record: CXX_FEATURE:1cxx_constexpr
    Feature record: CXX_FEATURE:0cxx_contextual_conversions
    Feature record: CXX_FEATURE:1cxx_decltype
    Feature record: CXX_FEATURE:0cxx_decltype_auto
    Feature record: CXX_FEATURE:1cxx_decltype_incomplete_return_types
    Feature record: CXX_FEATURE:1cxx_default_function_template_args
    Feature record: CXX_FEATURE:1cxx_defaulted_functions
    Feature record: CXX_FEATURE:1cxx_defaulted_move_initializers
    Feature record: CXX_FEATURE:1cxx_delegating_constructors
    Feature record: CXX_FEATURE:1cxx_deleted_functions
    Feature record: CXX_FEATURE:0cxx_digit_separators
    Feature record: CXX_FEATURE:1cxx_enum_forward_declarations
    Feature record: CXX_FEATURE:1cxx_explicit_conversions
    Feature record: CXX_FEATURE:1cxx_extended_friend_declarations
    Feature record: CXX_FEATURE:1cxx_extern_templates
    Feature record: CXX_FEATURE:1cxx_final
    Feature record: CXX_FEATURE:1cxx_func_identifier
    Feature record: CXX_FEATURE:1cxx_generalized_initializers
    Feature record: CXX_FEATURE:0cxx_generic_lambdas
    Feature record: CXX_FEATURE:1cxx_inheriting_constructors
    Feature record: CXX_FEATURE:1cxx_inline_namespaces
    Feature record: CXX_FEATURE:1cxx_lambdas
    Feature record: CXX_FEATURE:0cxx_lambda_init_captures
    Feature record: CXX_FEATURE:1cxx_local_type_template_args
    Feature record: CXX_FEATURE:1cxx_long_long_type
    Feature record: CXX_FEATURE:1cxx_noexcept
    Feature record: CXX_FEATURE:1cxx_nonstatic_member_init
    Feature record: CXX_FEATURE:1cxx_nullptr
    Feature record: CXX_FEATURE:1cxx_override
    Feature record: CXX_FEATURE:1cxx_range_for
    Feature record: CXX_FEATURE:1cxx_raw_string_literals
    Feature record: CXX_FEATURE:1cxx_reference_qualified_functions
    Feature record: CXX_FEATURE:0cxx_relaxed_constexpr
    Feature record: CXX_FEATURE:0cxx_return_type_deduction
    Feature record: CXX_FEATURE:1cxx_right_angle_brackets
    Feature record: CXX_FEATURE:1cxx_rvalue_references
    Feature record: CXX_FEATURE:1cxx_sizeof_member
    Feature record: CXX_FEATURE:1cxx_static_assert
    Feature record: CXX_FEATURE:1cxx_strong_enums
    Feature record: CXX_FEATURE:1cxx_template_template_parameters
    Feature record: CXX_FEATURE:1cxx_thread_local
    Feature record: CXX_FEATURE:1cxx_trailing_return_types
    Feature record: CXX_FEATURE:1cxx_unicode_literals
    Feature record: CXX_FEATURE:1cxx_uniform_initialization
    Feature record: CXX_FEATURE:1cxx_unrestricted_unions
    Feature record: CXX_FEATURE:1cxx_user_literals
    Feature record: CXX_FEATURE:0cxx_variable_templates
    Feature record: CXX_FEATURE:1cxx_variadic_macros
    Feature record: CXX_FEATURE:1cxx_variadic_templates


Detecting CXX [-std=c++98] compiler features compiled with the following output:
Change Dir: /export/ldb/zhangsong5/tools/kudu/CMakeFiles/CMakeTmp

Run Build Command:"/usr/bin/gmake" "cmTC_df346/fast"
/usr/bin/gmake -f CMakeFiles/cmTC_df346.dir/build.make CMakeFiles/cmTC_df346.dir/build
gmake[1]: Entering directory `/export/ldb/zhangsong5/tools/kudu/CMakeFiles/CMakeTmp'
Building CXX object CMakeFiles/cmTC_df346.dir/feature_tests.cxx.o
/usr/local/gcc-4.9.3/bin/g++     -std=c++98 -o CMakeFiles/cmTC_df346.dir/feature_tests.cxx.o -c /export/ldb/zhangsong5/tools/kudu/CMakeFiles/feature_tests.cxx
Linking CXX executable cmTC_df346
/usr/bin/cmake -E cmake_link_script CMakeFiles/cmTC_df346.dir/link.txt --verbose=1
/usr/local/gcc-4.9.3/bin/g++        CMakeFiles/cmTC_df346.dir/feature_tests.cxx.o  -o cmTC_df346 -rdynamic 
gmake[1]: Leaving directory `/export/ldb/zhangsong5/tools/kudu/CMakeFiles/CMakeTmp'


    Feature record: CXX_FEATURE:0cxx_aggregate_default_initializers
    Feature record: CXX_FEATURE:0cxx_alias_templates
    Feature record: CXX_FEATURE:0cxx_alignas
    Feature record: CXX_FEATURE:0cxx_alignof
    Feature record: CXX_FEATURE:0cxx_attributes
    Feature record: CXX_FEATURE:0cxx_attribute_deprecated
    Feature record: CXX_FEATURE:0cxx_auto_type
    Feature record: CXX_FEATURE:0cxx_binary_literals
    Feature record: CXX_FEATURE:0cxx_constexpr
    Feature record: CXX_FEATURE:0cxx_contextual_conversions
    Feature record: CXX_FEATURE:0cxx_decltype
    Feature record: CXX_FEATURE:0cxx_decltype_auto
    Feature record: CXX_FEATURE:0cxx_decltype_incomplete_return_types
    Feature record: CXX_FEATURE:0cxx_default_function_template_args
    Feature record: CXX_FEATURE:0cxx_defaulted_functions
    Feature record: CXX_FEATURE:0cxx_defaulted_move_initializers
    Feature record: CXX_FEATURE:0cxx_delegating_constructors
    Feature record: CXX_FEATURE:0cxx_deleted_functions
    Feature record: CXX_FEATURE:0cxx_digit_separators
    Feature record: CXX_FEATURE:0cxx_enum_forward_declarations
    Feature record: CXX_FEATURE:0cxx_explicit_conversions
    Feature record: CXX_FEATURE:0cxx_extended_friend_declarations
    Feature record: CXX_FEATURE:0cxx_extern_templates
    Feature record: CXX_FEATURE:0cxx_final
    Feature record: CXX_FEATURE:0cxx_func_identifier
    Feature record: CXX_FEATURE:0cxx_generalized_initializers
    Feature record: CXX_FEATURE:0cxx_generic_lambdas
    Feature record: CXX_FEATURE:0cxx_inheriting_constructors
    Feature record: CXX_FEATURE:0cxx_inline_namespaces
    Feature record: CXX_FEATURE:0cxx_lambdas
    Feature record: CXX_FEATURE:0cxx_lambda_init_captures
    Feature record: CXX_FEATURE:0cxx_local_type_template_args
    Feature record: CXX_FEATURE:0cxx_long_long_type
    Feature record: CXX_FEATURE:0cxx_noexcept
    Feature record: CXX_FEATURE:0cxx_nonstatic_member_init
    Feature record: CXX_FEATURE:0cxx_nullptr
    Feature record: CXX_FEATURE:0cxx_override
    Feature record: CXX_FEATURE:0cxx_range_for
    Feature record: CXX_FEATURE:0cxx_raw_string_literals
    Feature record: CXX_FEATURE:0cxx_reference_qualified_functions
    Feature record: CXX_FEATURE:0cxx_relaxed_constexpr
    Feature record: CXX_FEATURE:0cxx_return_type_deduction
    Feature record: CXX_FEATURE:0cxx_right_angle_brackets
    Feature record: CXX_FEATURE:0cxx_rvalue_references
    Feature record: CXX_FEATURE:0cxx_sizeof_member
    Feature record: CXX_FEATURE:0cxx_static_assert
    Feature record: CXX_FEATURE:0cxx_strong_enums
    Feature record: CXX_FEATURE:1cxx_template_template_parameters
    Feature record: CXX_FEATURE:0cxx_thread_local
    Feature record: CXX_FEATURE:0cxx_trailing_return_types
    Feature record: CXX_FEATURE:0cxx_unicode_literals
    Feature record: CXX_FEATURE:0cxx_uniform_initialization
    Feature record: CXX_FEATURE:0cxx_unrestricted_unions
    Feature record: CXX_FEATURE:0cxx_user_literals
    Feature record: CXX_FEATURE:0cxx_variable_templates
    Feature record: CXX_FEATURE:0cxx_variadic_macros
    Feature record: CXX_FEATURE:0cxx_variadic_templates
